#
# There is insufficient memory for the Java Runtime Environment to continue.
# Native memory allocation (malloc) failed to allocate 32744 bytes for ChunkPool::allocate
# Possible reasons:
#   The system is out of physical RAM or swap space
#   The process is running with CompressedOops enabled, and the Java Heap may be blocking the growth of the native heap
# Possible solutions:
#   Reduce memory load on the system
#   Increase physical memory or swap space
#   Check if swap backing store is full
#   Decrease Java heap size (-Xmx/-Xms)
#   Decrease number of Java threads
#   Decrease Java thread stack sizes (-Xss)
#   Set larger code cache with -XX:ReservedCodeCacheSize=
#   JVM is running with Unscaled Compressed Oops mode in which the Java heap is
#     placed in the first 4GB address space. The Java Heap base address is the
#     maximum limit for the native heap growth. Please use -XX:HeapBaseMinAddress
#     to set the Java Heap base and to place the Java Heap above 4GB virtual address.
# This output file may be truncated or incomplete.
#
#  Out of Memory Error (allocation.cpp:272), pid=11192, tid=0x0000000000000e18
#
# JRE version: OpenJDK Runtime Environment (8.0_242-b01) (build 1.8.0_242-release-1644-b01)
# Java VM: OpenJDK 64-Bit Server VM (25.242-b01 mixed mode windows-amd64 compressed oops)
# Failed to write core dump. Minidumps are not enabled by default on client versions of Windows
#

---------------  T H R E A D  ---------------

Current thread (0x0000000018189000):  JavaThread "C2 CompilerThread2" daemon [_thread_in_native, id=3608, stack(0x0000000018c50000,0x0000000018d50000)]

Stack: [0x0000000018c50000,0x0000000018d50000]
[error occurred during error reporting (printing stack bounds), id 0xc0000005]

Native frames: (J=compiled Java code, j=interpreted, Vv=VM code, C=native code)


Current CompileTask:
C2: 391663 19225       4       org.codehaus.groovy.reflection.ParameterTypes::getParameterTypes (16 bytes)


---------------  P R O C E S S  ---------------

Java Threads: ( => current thread )
  0x000000002358b800 JavaThread "pool-14-thread-1" [_thread_blocked, id=8964, stack(0x00000000329a0000,0x0000000032aa0000)]
  0x0000000023592000 JavaThread "Build operations Thread 8" [_thread_blocked, id=8552, stack(0x00000000325b0000,0x00000000326b0000)]
  0x000000002358c000 JavaThread "Build operations Thread 7" [_thread_blocked, id=8412, stack(0x00000000324b0000,0x00000000325b0000)]
  0x0000000023591800 JavaThread "Build operations Thread 6" [_thread_blocked, id=15864, stack(0x000000002ff30000,0x0000000030030000)]
  0x0000000023590000 JavaThread "Build operations Thread 5" [_thread_blocked, id=16340, stack(0x000000002eb00000,0x000000002ec00000)]
  0x000000002358a800 JavaThread "Build operations Thread 4" [_thread_blocked, id=19420, stack(0x00000000228d0000,0x00000000229d0000)]
  0x000000002358f000 JavaThread "Build operations Thread 3" [_thread_blocked, id=11312, stack(0x0000000021fd0000,0x00000000220d0000)]
  0x0000000023590800 JavaThread "Build operations Thread 2" [_thread_blocked, id=13392, stack(0x0000000021ed0000,0x0000000021fd0000)]
  0x000000002358d800 JavaThread "Build operations" [_thread_blocked, id=7904, stack(0x0000000021dd0000,0x0000000021ed0000)]
  0x0000000023583000 JavaThread "Cache worker for Build Output Cleanup Cache (C:\Users\Yusuf Maulana\AndroidStudioProjects\android-experimental\.gradle\buildOutputCleanup)" [_thread_blocked, id=19088, stack(0x0000000021ad0000,0x0000000021bd0000)]
  0x000000002358a000 JavaThread "Cache worker for cache directory md-rule (C:\Users\Yusuf Maulana\.gradle\caches\6.5\md-rule)" [_thread_blocked, id=8100, stack(0x00000000217d0000,0x00000000218d0000)]
  0x0000000023589000 JavaThread "Cache worker for cache directory md-supplier (C:\Users\Yusuf Maulana\.gradle\caches\6.5\md-supplier)" [_thread_blocked, id=15008, stack(0x00000000216d0000,0x00000000217d0000)]
  0x0000000023584000 JavaThread "Cache worker for checksums cache (C:\Users\Yusuf Maulana\AndroidStudioProjects\android-experimental\.gradle\checksums)" [_thread_blocked, id=21140, stack(0x000000001f550000,0x000000001f650000)]
  0x0000000023582800 JavaThread "Cache worker for file hash cache (C:\Users\Yusuf Maulana\AndroidStudioProjects\android-experimental\.gradle\6.5\fileHashes)" [_thread_blocked, id=19100, stack(0x000000001f450000,0x000000001f550000)]
  0x0000000023588800 JavaThread "Thread-378" [_thread_blocked, id=15444, stack(0x000000001f350000,0x000000001f450000)]
  0x0000000023586000 JavaThread "Stdin handler" [_thread_blocked, id=5540, stack(0x000000001cbb0000,0x000000001ccb0000)]
  0x0000000023585800 JavaThread "Asynchronous log dispatcher for DefaultDaemonConnection: socket connection from /127.0.0.1:63297 to /127.0.0.1:63570" [_thread_blocked, id=12600, stack(0x000000001c6b0000,0x000000001c7b0000)]
  0x0000000023581800 JavaThread "Cancel handler" [_thread_blocked, id=17952, stack(0x000000001bf70000,0x000000001c070000)]
  0x0000000023587000 JavaThread "Handler for socket connection from /127.0.0.1:63297 to /127.0.0.1:63570" [_thread_in_native, id=21340, stack(0x000000001be70000,0x000000001bf70000)]
  0x00000000235ae800 JavaThread "jar transforms Thread 244" [_thread_blocked, id=15524, stack(0x000000002c220000,0x000000002c320000)]
  0x00000000235aa000 JavaThread "jar transforms Thread 243" [_thread_blocked, id=14756, stack(0x000000002c120000,0x000000002c220000)]
  0x00000000235a8800 JavaThread "jar transforms Thread 242" [_thread_blocked, id=17036, stack(0x000000002c020000,0x000000002c120000)]
  0x00000000235a3000 JavaThread "jar transforms Thread 241" [_thread_blocked, id=17320, stack(0x000000002bf20000,0x000000002c020000)]
  0x00000000235a4000 JavaThread "jar transforms Thread 240" [_thread_blocked, id=19948, stack(0x000000002be20000,0x000000002bf20000)]
  0x00000000235a5800 JavaThread "jar transforms Thread 239" [_thread_blocked, id=3440, stack(0x000000002bd20000,0x000000002be20000)]
  0x00000000235a4800 JavaThread "jar transforms Thread 238" [_thread_blocked, id=17292, stack(0x000000002bc20000,0x000000002bd20000)]
  0x00000000235a7800 JavaThread "jar transforms Thread 237" [_thread_blocked, id=10524, stack(0x000000002bb20000,0x000000002bc20000)]
  0x00000000235a7000 JavaThread "jar transforms Thread 236" [_thread_blocked, id=16564, stack(0x000000002ba20000,0x000000002bb20000)]
  0x00000000235a9000 JavaThread "jar transforms Thread 235" [_thread_blocked, id=10532, stack(0x000000002b920000,0x000000002ba20000)]
  0x00000000235a6000 JavaThread "jar transforms Thread 234" [_thread_blocked, id=7296, stack(0x000000002b820000,0x000000002b920000)]
  0x00000000235a2800 JavaThread "jar transforms Thread 233" [_thread_blocked, id=6312, stack(0x000000002b720000,0x000000002b820000)]
  0x00000000235a1800 JavaThread "jar transforms Thread 232" [_thread_blocked, id=17024, stack(0x000000002b620000,0x000000002b720000)]
  0x000000001f133800 JavaThread "jar transforms Thread 231" [_thread_blocked, id=10960, stack(0x000000002b520000,0x000000002b620000)]
  0x000000001f131000 JavaThread "jar transforms Thread 230" [_thread_blocked, id=18248, stack(0x000000002b420000,0x000000002b520000)]
  0x000000001f132800 JavaThread "jar transforms Thread 229" [_thread_blocked, id=7380, stack(0x000000002b320000,0x000000002b420000)]
  0x000000001f135800 JavaThread "jar transforms Thread 228" [_thread_blocked, id=8740, stack(0x000000002b220000,0x000000002b320000)]
  0x000000001f130800 JavaThread "jar transforms Thread 227" [_thread_blocked, id=12068, stack(0x000000002b120000,0x000000002b220000)]
  0x000000001f132000 JavaThread "jar transforms Thread 226" [_thread_blocked, id=15956, stack(0x000000002b020000,0x000000002b120000)]
  0x000000001f12f800 JavaThread "jar transforms Thread 225" [_thread_blocked, id=10784, stack(0x000000002af20000,0x000000002b020000)]
  0x000000001f135000 JavaThread "jar transforms Thread 224" [_thread_blocked, id=16000, stack(0x000000002ae20000,0x000000002af20000)]
  0x000000001f134000 JavaThread "jar transforms Thread 223" [_thread_blocked, id=8104, stack(0x000000002ad20000,0x000000002ae20000)]
  0x000000001f128000 JavaThread "jar transforms Thread 222" [_thread_blocked, id=9464, stack(0x000000002ac20000,0x000000002ad20000)]
  0x000000001f12f000 JavaThread "jar transforms Thread 221" [_thread_blocked, id=10616, stack(0x000000002ab20000,0x000000002ac20000)]
  0x000000001f127800 JavaThread "jar transforms Thread 220" [_thread_blocked, id=10724, stack(0x000000002aa20000,0x000000002ab20000)]
  0x000000001f12d800 JavaThread "jar transforms Thread 219" [_thread_blocked, id=2972, stack(0x000000002a920000,0x000000002aa20000)]
  0x000000001f12c800 JavaThread "jar transforms Thread 218" [_thread_blocked, id=9408, stack(0x000000002a820000,0x000000002a920000)]
  0x000000001f12b000 JavaThread "jar transforms Thread 217" [_thread_blocked, id=16408, stack(0x000000002a720000,0x000000002a820000)]
  0x000000001f129000 JavaThread "jar transforms Thread 216" [_thread_blocked, id=11904, stack(0x000000002a620000,0x000000002a720000)]
  0x000000001f129800 JavaThread "jar transforms Thread 215" [_thread_blocked, id=19024, stack(0x000000002a520000,0x000000002a620000)]
  0x000000001f12a800 JavaThread "jar transforms Thread 214" [_thread_blocked, id=20088, stack(0x0000000029d10000,0x0000000029e10000)]
  0x000000001f12c000 JavaThread "jar transforms Thread 213" [_thread_blocked, id=16364, stack(0x000000002a420000,0x000000002a520000)]
  0x000000001f12e000 JavaThread "jar transforms Thread 212" [_thread_blocked, id=9872, stack(0x000000002a320000,0x000000002a420000)]
  0x000000001f126800 JavaThread "jar transforms Thread 211" [_thread_blocked, id=3672, stack(0x000000002a220000,0x000000002a320000)]
  0x0000000018494800 JavaThread "jar transforms Thread 210" [_thread_blocked, id=9704, stack(0x000000002a120000,0x000000002a220000)]
  0x0000000018493800 JavaThread "jar transforms Thread 209" [_thread_blocked, id=8700, stack(0x000000002a020000,0x000000002a120000)]
  0x0000000018493000 JavaThread "jar transforms Thread 208" [_thread_blocked, id=15036, stack(0x0000000029f20000,0x000000002a020000)]
  0x0000000018492000 JavaThread "jar transforms Thread 207" [_thread_blocked, id=17400, stack(0x0000000029e20000,0x0000000029f20000)]
  0x000000001848a800 JavaThread "jar transforms Thread 206" [_thread_blocked, id=12332, stack(0x0000000029c10000,0x0000000029d10000)]
  0x0000000018491800 JavaThread "jar transforms Thread 205" [_thread_blocked, id=7664, stack(0x0000000029b10000,0x0000000029c10000)]
  0x000000001848d000 JavaThread "jar transforms Thread 204" [_thread_blocked, id=13356, stack(0x0000000029a10000,0x0000000029b10000)]
  0x000000001848f000 JavaThread "jar transforms Thread 203" [_thread_blocked, id=8808, stack(0x0000000029910000,0x0000000029a10000)]
  0x000000001848c000 JavaThread "jar transforms Thread 202" [_thread_blocked, id=18112, stack(0x0000000029810000,0x0000000029910000)]
  0x0000000018490800 JavaThread "jar transforms Thread 201" [_thread_blocked, id=20364, stack(0x0000000029710000,0x0000000029810000)]
  0x000000001848d800 JavaThread "jar transforms Thread 200" [_thread_blocked, id=11384, stack(0x0000000029610000,0x0000000029710000)]
  0x000000001848e800 JavaThread "jar transforms Thread 199" [_thread_blocked, id=9916, stack(0x0000000029510000,0x0000000029610000)]
  0x0000000018489000 JavaThread "jar transforms Thread 198" [_thread_blocked, id=14116, stack(0x0000000029410000,0x0000000029510000)]
  0x0000000018490000 JavaThread "jar transforms Thread 197" [_thread_blocked, id=9708, stack(0x0000000029310000,0x0000000029410000)]
  0x000000001848b800 JavaThread "jar transforms Thread 196" [_thread_blocked, id=13172, stack(0x0000000029210000,0x0000000029310000)]
  0x0000000018485000 JavaThread "jar transforms Thread 195" [_thread_blocked, id=16876, stack(0x0000000029110000,0x0000000029210000)]
  0x0000000018487800 JavaThread "jar transforms Thread 194" [_thread_blocked, id=3400, stack(0x0000000029010000,0x0000000029110000)]
  0x000000001848a000 JavaThread "jar transforms Thread 193" [_thread_blocked, id=3192, stack(0x0000000028f10000,0x0000000029010000)]
  0x0000000018486800 JavaThread "jar transforms Thread 192" [_thread_blocked, id=7888, stack(0x0000000028e10000,0x0000000028f10000)]
  0x0000000018488000 JavaThread "jar transforms Thread 191" [_thread_blocked, id=14892, stack(0x0000000028d10000,0x0000000028e10000)]
  0x0000000018486000 JavaThread "jar transforms Thread 190" [_thread_blocked, id=3480, stack(0x0000000028c10000,0x0000000028d10000)]
  0x000000001b42b000 JavaThread "jar transforms Thread 189" [_thread_blocked, id=9380, stack(0x0000000028b10000,0x0000000028c10000)]
  0x000000001b42a000 JavaThread "jar transforms Thread 188" [_thread_blocked, id=10296, stack(0x0000000028a10000,0x0000000028b10000)]
  0x000000001b431000 JavaThread "jar transforms Thread 187" [_thread_blocked, id=14632, stack(0x0000000028910000,0x0000000028a10000)]
  0x000000001b429800 JavaThread "jar transforms Thread 186" [_thread_blocked, id=10940, stack(0x0000000028810000,0x0000000028910000)]
  0x000000001b42f800 JavaThread "jar transforms Thread 185" [_thread_blocked, id=19908, stack(0x0000000028710000,0x0000000028810000)]
  0x000000001b42e000 JavaThread "jar transforms Thread 184" [_thread_blocked, id=16256, stack(0x0000000028610000,0x0000000028710000)]
  0x000000001b42e800 JavaThread "jar transforms Thread 183" [_thread_blocked, id=18720, stack(0x0000000028510000,0x0000000028610000)]
  0x000000001b42b800 JavaThread "jar transforms Thread 182" [_thread_blocked, id=15832, stack(0x0000000028410000,0x0000000028510000)]
  0x000000001b42d000 JavaThread "jar transforms Thread 181" [_thread_blocked, id=10596, stack(0x0000000028310000,0x0000000028410000)]
  0x000000001b42c800 JavaThread "jar transforms Thread 180" [_thread_blocked, id=10076, stack(0x0000000028210000,0x0000000028310000)]
  0x000000001b430000 JavaThread "jar transforms Thread 179" [_thread_blocked, id=8560, stack(0x0000000028110000,0x0000000028210000)]
  0x000000001b422000 JavaThread "jar transforms Thread 178" [_thread_blocked, id=17096, stack(0x0000000028010000,0x0000000028110000)]
  0x000000001b427000 JavaThread "jar transforms Thread 177" [_thread_blocked, id=10560, stack(0x0000000027f10000,0x0000000028010000)]
  0x000000001b425800 JavaThread "jar transforms Thread 176" [_thread_blocked, id=20476, stack(0x0000000027e10000,0x0000000027f10000)]
  0x000000001b428000 JavaThread "jar transforms Thread 175" [_thread_blocked, id=10932, stack(0x0000000027d10000,0x0000000027e10000)]
  0x000000001b425000 JavaThread "jar transforms Thread 174" [_thread_blocked, id=13996, stack(0x0000000027c10000,0x0000000027d10000)]
  0x000000001b422800 JavaThread "jar transforms Thread 173" [_thread_blocked, id=20608, stack(0x0000000027b10000,0x0000000027c10000)]
  0x000000001b428800 JavaThread "jar transforms Thread 172" [_thread_blocked, id=8160, stack(0x0000000027a10000,0x0000000027b10000)]
  0x000000001b423800 JavaThread "jar transforms Thread 171" [_thread_blocked, id=12216, stack(0x0000000027910000,0x0000000027a10000)]
  0x000000001b426800 JavaThread "jar transforms Thread 170" [_thread_blocked, id=12524, stack(0x0000000027810000,0x0000000027910000)]
  0x000000001b424000 JavaThread "jar transforms Thread 169" [_thread_blocked, id=15496, stack(0x0000000027710000,0x0000000027810000)]
  0x000000001918a800 JavaThread "jar transforms Thread 168" [_thread_blocked, id=2236, stack(0x0000000027610000,0x0000000027710000)]
  0x0000000019191000 JavaThread "jar transforms Thread 167" [_thread_blocked, id=15640, stack(0x0000000027510000,0x0000000027610000)]
  0x0000000019190800 JavaThread "jar transforms Thread 166" [_thread_blocked, id=11348, stack(0x0000000027410000,0x0000000027510000)]
  0x000000001918d800 JavaThread "jar transforms Thread 165" [_thread_blocked, id=5692, stack(0x0000000027310000,0x0000000027410000)]
  0x000000001918c800 JavaThread "jar transforms Thread 164" [_thread_blocked, id=720, stack(0x0000000027210000,0x0000000027310000)]
  0x000000001918e000 JavaThread "jar transforms Thread 163" [_thread_blocked, id=15400, stack(0x0000000027110000,0x0000000027210000)]
  0x000000001918c000 JavaThread "jar transforms Thread 162" [_thread_blocked, id=20884, stack(0x0000000027010000,0x0000000027110000)]
  0x000000001918b000 JavaThread "jar transforms Thread 161" [_thread_blocked, id=16924, stack(0x0000000026f10000,0x0000000027010000)]
  0x0000000025670000 JavaThread "jar transforms Thread 160" [_thread_blocked, id=9052, stack(0x0000000026e10000,0x0000000026f10000)]
  0x000000002566d800 JavaThread "jar transforms Thread 159" [_thread_blocked, id=12916, stack(0x0000000026d10000,0x0000000026e10000)]
  0x000000002566c000 JavaThread "jar transforms Thread 158" [_thread_blocked, id=21052, stack(0x0000000026c10000,0x0000000026d10000)]
  0x000000002566b800 JavaThread "jar transforms Thread 157" [_thread_blocked, id=9072, stack(0x0000000026b10000,0x0000000026c10000)]
  0x000000002566a000 JavaThread "jar transforms Thread 156" [_thread_blocked, id=16044, stack(0x0000000026a10000,0x0000000026b10000)]
  0x000000002566a800 JavaThread "jar transforms Thread 155" [_thread_blocked, id=18148, stack(0x0000000026910000,0x0000000026a10000)]
  0x000000002566f000 JavaThread "jar transforms Thread 154" [_thread_blocked, id=14608, stack(0x0000000026810000,0x0000000026910000)]
  0x000000002566e800 JavaThread "jar transforms Thread 153" [_thread_blocked, id=11704, stack(0x0000000026710000,0x0000000026810000)]
  0x0000000025662800 JavaThread "jar transforms Thread 152" [_thread_blocked, id=16432, stack(0x0000000026610000,0x0000000026710000)]
  0x0000000025668800 JavaThread "jar transforms Thread 151" [_thread_blocked, id=21012, stack(0x0000000026510000,0x0000000026610000)]
  0x000000001b411000 JavaThread "jar transforms Thread 150" [_thread_blocked, id=3404, stack(0x0000000026410000,0x0000000026510000)]
  0x000000001b410800 JavaThread "jar transforms Thread 149" [_thread_blocked, id=8484, stack(0x0000000026310000,0x0000000026410000)]
  0x000000001b40c000 JavaThread "jar transforms Thread 148" [_thread_blocked, id=7844, stack(0x0000000026210000,0x0000000026310000)]
  0x000000001b40f000 JavaThread "jar transforms Thread 147" [_thread_blocked, id=16132, stack(0x0000000026110000,0x0000000026210000)]
  0x000000001b412800 JavaThread "jar transforms Thread 146" [_thread_blocked, id=13736, stack(0x0000000026010000,0x0000000026110000)]
  0x000000001b40d800 JavaThread "jar transforms Thread 145" [_thread_blocked, id=11508, stack(0x0000000025f10000,0x0000000026010000)]
  0x000000001b40f800 JavaThread "jar transforms Thread 144" [_thread_blocked, id=9360, stack(0x0000000025c10000,0x0000000025d10000)]
  0x000000001b412000 JavaThread "jar transforms Thread 143" [_thread_blocked, id=10908, stack(0x0000000025b10000,0x0000000025c10000)]
  0x000000001b405800 JavaThread "jar transforms Thread 142" [_thread_blocked, id=18912, stack(0x0000000025a10000,0x0000000025b10000)]
  0x000000001b40c800 JavaThread "jar transforms Thread 141" [_thread_blocked, id=13004, stack(0x0000000025910000,0x0000000025a10000)]
  0x000000001b404000 JavaThread "jar transforms Thread 140" [_thread_blocked, id=12604, stack(0x0000000025810000,0x0000000025910000)]
  0x000000001b40b000 JavaThread "jar transforms Thread 139" [_thread_blocked, id=17860, stack(0x00000000244b0000,0x00000000245b0000)]
  0x000000001b407000 JavaThread "jar transforms Thread 138" [_thread_blocked, id=10192, stack(0x00000000243b0000,0x00000000244b0000)]
  0x000000001b408000 JavaThread "jar transforms Thread 137" [_thread_blocked, id=15872, stack(0x00000000242b0000,0x00000000243b0000)]
  0x000000001b403800 JavaThread "jar transforms Thread 136" [_thread_blocked, id=1392, stack(0x0000000023fb0000,0x00000000240b0000)]
  0x000000001b779000 JavaThread "jar transforms Thread 135" [_thread_blocked, id=18332, stack(0x00000000215d0000,0x00000000216d0000)]
  0x000000001b771800 JavaThread "jar transforms Thread 134" [_thread_blocked, id=13984, stack(0x00000000213d0000,0x00000000214d0000)]
  0x000000001b776800 JavaThread "jar transforms Thread 133" [_thread_blocked, id=15752, stack(0x00000000212d0000,0x00000000213d0000)]
  0x000000001b773800 JavaThread "jar transforms Thread 132" [_thread_blocked, id=20828, stack(0x00000000211d0000,0x00000000212d0000)]
  0x000000001b778000 JavaThread "jar transforms Thread 131" [_thread_blocked, id=1988, stack(0x00000000210d0000,0x00000000211d0000)]
  0x000000001b777800 JavaThread "jar transforms Thread 130" [_thread_blocked, id=10304, stack(0x0000000020fd0000,0x00000000210d0000)]
  0x000000001b776000 JavaThread "jar transforms Thread 129" [_thread_blocked, id=20440, stack(0x0000000020ed0000,0x0000000020fd0000)]
  0x000000001b772000 JavaThread "jar transforms Thread 128" [_thread_blocked, id=7972, stack(0x0000000020dd0000,0x0000000020ed0000)]
  0x000000001b775000 JavaThread "jar transforms Thread 127" [_thread_blocked, id=2516, stack(0x0000000020cd0000,0x0000000020dd0000)]
  0x00000000200bc800 JavaThread "jar transforms Thread 126" [_thread_blocked, id=10008, stack(0x0000000020bd0000,0x0000000020cd0000)]
  0x00000000200bb800 JavaThread "jar transforms Thread 125" [_thread_blocked, id=9552, stack(0x0000000020ad0000,0x0000000020bd0000)]
  0x00000000200ba000 JavaThread "jar transforms Thread 124" [_thread_blocked, id=12860, stack(0x00000000209d0000,0x0000000020ad0000)]
  0x00000000200be800 JavaThread "jar transforms Thread 123" [_thread_blocked, id=8868, stack(0x000000001f650000,0x000000001f750000)]
  0x00000000200b8000 JavaThread "Daemon worker Thread 2" [_thread_in_vm, id=18384, stack(0x000000001c5b0000,0x000000001c6b0000)]
  0x00000000200b2800 JavaThread "Daemon Thread 2" [_thread_blocked, id=2708, stack(0x0000000000a10000,0x0000000000b10000)]
  0x00000000200c0000 JavaThread "Memory manager" [_thread_blocked, id=10136, stack(0x000000002c850000,0x000000002c950000)]
  0x000000001b77f000 JavaThread "Cache worker for file content cache (C:\Users\Yusuf Maulana\.gradle\caches\6.5\fileContent)" [_thread_blocked, id=16012, stack(0x00000000227d0000,0x00000000228d0000)]
  0x000000001b77e000 JavaThread "Cache worker for execution history cache (C:\Users\Yusuf Maulana\.gradle\caches\6.5\executionHistory)" [_thread_blocked, id=8972, stack(0x00000000222d0000,0x00000000223d0000)]
  0x000000001918f800 JavaThread "Cache worker for file hash cache (C:\Users\Yusuf Maulana\.gradle\caches\6.5\fileHashes)" [_thread_blocked, id=15548, stack(0x000000001d0b0000,0x000000001d1b0000)]
  0x000000001918f000 JavaThread "File lock request listener" [_thread_in_native, id=13508, stack(0x000000001cfb0000,0x000000001d0b0000)]
  0x000000001b1f1800 JavaThread "Cache worker for journal cache (C:\Users\Yusuf Maulana\.gradle\caches\journal-1)" [_thread_blocked, id=8932, stack(0x000000001ceb0000,0x000000001cfb0000)]
  0x000000001a819000 JavaThread "Daemon periodic checks" [_thread_blocked, id=10228, stack(0x000000001c2b0000,0x000000001c3b0000)]
  0x000000001a92c800 JavaThread "Incoming local TCP Connector on port 63297" [_thread_in_native, id=6540, stack(0x000000001c070000,0x000000001c170000)]
  0x000000001acfd800 JavaThread "Daemon health stats" [_thread_blocked, id=15232, stack(0x000000001ba30000,0x000000001bb30000)]
  0x0000000018210000 JavaThread "Service Thread" daemon [_thread_blocked, id=5332, stack(0x0000000018e50000,0x0000000018f50000)]
  0x0000000018194000 JavaThread "C1 CompilerThread3" daemon [_thread_blocked, id=12100, stack(0x0000000018d50000,0x0000000018e50000)]
=>0x0000000018189000 JavaThread "C2 CompilerThread2" daemon [_thread_in_native, id=3608, stack(0x0000000018c50000,0x0000000018d50000)]
  0x0000000018186800 JavaThread "C2 CompilerThread1" daemon [_thread_in_native, id=18024, stack(0x0000000018b50000,0x0000000018c50000)]
  0x0000000018185000 JavaThread "C2 CompilerThread0" daemon [_thread_in_native, id=18108, stack(0x0000000018a50000,0x0000000018b50000)]
  0x0000000018184000 JavaThread "Attach Listener" daemon [_thread_blocked, id=1384, stack(0x0000000018950000,0x0000000018a50000)]
  0x0000000018183000 JavaThread "Signal Dispatcher" daemon [_thread_blocked, id=17684, stack(0x0000000018850000,0x0000000018950000)]
  0x0000000018171800 JavaThread "Finalizer" daemon [_thread_blocked, id=4872, stack(0x0000000018650000,0x0000000018750000)]
  0x0000000018170800 JavaThread "Reference Handler" daemon [_thread_blocked, id=14528, stack(0x0000000018550000,0x0000000018650000)]
  0x000000000237e000 JavaThread "main" [_thread_blocked, id=18676, stack(0x00000000023a0000,0x00000000024a0000)]

Other Threads:
  0x0000000016378000 VMThread [stack: 0x0000000018050000,0x0000000018150000] [id=9176]
  0x0000000018211000 WatcherThread [stack: 0x0000000018f50000,0x0000000019050000] [id=604]

VM state:not at safepoint (normal execution)

VM Mutex/Monitor currently owned by a thread: None

heap address: 0x00000000a0000000, size: 1536 MB, Compressed Oops mode: 32-bit
Narrow klass base: 0x0000000000000000, Narrow klass shift: 3
Compressed class space size: 1073741824 Address: 0x0000000100000000

Heap:
 PSYoungGen      total 475648K, used 308543K [0x00000000e0000000, 0x0000000100000000, 0x0000000100000000)
  eden space 431104K, 64% used [0x00000000e0000000,0x00000000f0dbcea8,0x00000000fa500000)
  from space 44544K, 72% used [0x00000000fd480000,0x00000000ff413078,0x0000000100000000)
  to   space 46592K, 0% used [0x00000000fa500000,0x00000000fa500000,0x00000000fd280000)
 ParOldGen       total 356352K, used 89872K [0x00000000a0000000, 0x00000000b5c00000, 0x00000000e0000000)
  object space 356352K, 25% used [0x00000000a0000000,0x00000000a57c42a8,0x00000000b5c00000)
 Metaspace       used 115435K, capacity 122334K, committed 122516K, reserved 1155072K
  class space    used 14743K, capacity 16290K, committed 16316K, reserved 1048576K

Card table byte_map: [0x0000000011960000,0x0000000011c70000] byte_map_base: 0x0000000011460000

Marking Bits: (ParMarkBitMap*) 0x000000005744f030
 Begin Bits: [0x0000000012670000, 0x0000000013e70000)
 End Bits:   [0x0000000013e70000, 0x0000000015670000)

Polling page: 0x0000000000cd0000

CodeCache: size=245760Kb used=56668Kb max_used=56702Kb free=189091Kb
 bounds [0x00000000025a0000, 0x0000000005d50000, 0x00000000115a0000]
 total_blobs=16562 nmethods=15656 adapters=817
 compilation: enabled

Compilation events (10 events):
Event: 391.588 Thread 0x0000000018194000 19237       1       com.google.common.collect.ImmutableMapEntry$NonTerminalImmutableMapEntry::getNextInKeyBucket (5 bytes)
Event: 391.588 Thread 0x0000000018194000 nmethod 19237 0x0000000005d336d0 code [0x0000000005d33820, 0x0000000005d33930]
Event: 391.617 Thread 0x0000000018194000 19238       1       com.android.build.gradle.internal.publishing.OutputSpecImpl::getOutputType (5 bytes)
Event: 391.618 Thread 0x0000000018194000 nmethod 19238 0x0000000005d33410 code [0x0000000005d33560, 0x0000000005d33670]
Event: 391.625 Thread 0x0000000018194000 19239       1       com.android.build.gradle.internal.publishing.OutputSpecImpl::getArtifactType (5 bytes)
Event: 391.625 Thread 0x0000000018194000 nmethod 19239 0x0000000005d33150 code [0x0000000005d332a0, 0x0000000005d333b0]
Event: 391.625 Thread 0x0000000018194000 19240       1       com.android.build.gradle.internal.publishing.OutputSpecImpl::getPublishedConfigTypes (5 bytes)
Event: 391.625 Thread 0x0000000018194000 nmethod 19240 0x0000000005d32e90 code [0x0000000005d32fe0, 0x0000000005d330f0]
Event: 391.644 Thread 0x0000000018194000 19241       2       org.gradle.internal.instantiation.generator.AbstractClassGenerator::access$2000 (5 bytes)
Event: 391.645 Thread 0x0000000018194000 nmethod 19241 0x0000000005d32a50 code [0x0000000005d32bc0, 0x0000000005d32da8]

GC Heap History (10 events):
Event: 122.544 GC heap before
{Heap before GC invocations=14 (full 3):
 PSYoungGen      total 393216K, used 298372K [0x00000000e0000000, 0x00000000fbe00000, 0x0000000100000000)
  eden space 359936K, 73% used [0x00000000e0000000,0x00000000f02e5360,0x00000000f5f80000)
  from space 33280K, 99% used [0x00000000f8880000,0x00000000fa8fbcc0,0x00000000fa900000)
  to   space 41984K, 0% used [0x00000000f5f80000,0x00000000f5f80000,0x00000000f8880000)
 ParOldGen       total 230400K, used 60637K [0x00000000a0000000, 0x00000000ae100000, 0x00000000e0000000)
  object space 230400K, 26% used [0x00000000a0000000,0x00000000a3b37660,0x00000000ae100000)
 Metaspace       used 93429K, capacity 98316K, committed 98380K, reserved 1134592K
  class space    used 12443K, capacity 13494K, committed 13500K, reserved 1048576K
Event: 122.585 GC heap after
Heap after GC invocations=14 (full 3):
 PSYoungGen      total 401920K, used 25961K [0x00000000e0000000, 0x00000000ff080000, 0x0000000100000000)
  eden space 359936K, 0% used [0x00000000e0000000,0x00000000e0000000,0x00000000f5f80000)
  from space 41984K, 61% used [0x00000000f5f80000,0x00000000f78da4a8,0x00000000f8880000)
  to   space 42496K, 0% used [0x00000000fc700000,0x00000000fc700000,0x00000000ff080000)
 ParOldGen       total 230400K, used 90160K [0x00000000a0000000, 0x00000000ae100000, 0x00000000e0000000)
  object space 230400K, 39% used [0x00000000a0000000,0x00000000a580c168,0x00000000ae100000)
 Metaspace       used 93429K, capacity 98316K, committed 98380K, reserved 1134592K
  class space    used 12443K, capacity 13494K, committed 13500K, reserved 1048576K
}
Event: 122.585 GC heap before
{Heap before GC invocations=15 (full 4):
 PSYoungGen      total 401920K, used 25961K [0x00000000e0000000, 0x00000000ff080000, 0x0000000100000000)
  eden space 359936K, 0% used [0x00000000e0000000,0x00000000e0000000,0x00000000f5f80000)
  from space 41984K, 61% used [0x00000000f5f80000,0x00000000f78da4a8,0x00000000f8880000)
  to   space 42496K, 0% used [0x00000000fc700000,0x00000000fc700000,0x00000000ff080000)
 ParOldGen       total 230400K, used 90160K [0x00000000a0000000, 0x00000000ae100000, 0x00000000e0000000)
  object space 230400K, 39% used [0x00000000a0000000,0x00000000a580c168,0x00000000ae100000)
 Metaspace       used 93429K, capacity 98316K, committed 98380K, reserved 1134592K
  class space    used 12443K, capacity 13494K, committed 13500K, reserved 1048576K
Event: 122.805 GC heap after
Heap after GC invocations=15 (full 4):
 PSYoungGen      total 401920K, used 0K [0x00000000e0000000, 0x00000000ff080000, 0x0000000100000000)
  eden space 359936K, 0% used [0x00000000e0000000,0x00000000e0000000,0x00000000f5f80000)
  from space 41984K, 0% used [0x00000000f5f80000,0x00000000f5f80000,0x00000000f8880000)
  to   space 42496K, 0% used [0x00000000fc700000,0x00000000fc700000,0x00000000ff080000)
 ParOldGen       total 356352K, used 89848K [0x00000000a0000000, 0x00000000b5c00000, 0x00000000e0000000)
  object space 356352K, 25% used [0x00000000a0000000,0x00000000a57be2a8,0x00000000b5c00000)
 Metaspace       used 93250K, capacity 97786K, committed 98380K, reserved 1134592K
  class space    used 12387K, capacity 13393K, committed 13500K, reserved 1048576K
}
Event: 289.172 GC heap before
{Heap before GC invocations=16 (full 4):
 PSYoungGen      total 401920K, used 359936K [0x00000000e0000000, 0x00000000ff080000, 0x0000000100000000)
  eden space 359936K, 100% used [0x00000000e0000000,0x00000000f5f80000,0x00000000f5f80000)
  from space 41984K, 0% used [0x00000000f5f80000,0x00000000f5f80000,0x00000000f8880000)
  to   space 42496K, 0% used [0x00000000fc700000,0x00000000fc700000,0x00000000ff080000)
 ParOldGen       total 356352K, used 89848K [0x00000000a0000000, 0x00000000b5c00000, 0x00000000e0000000)
  object space 356352K, 25% used [0x00000000a0000000,0x00000000a57be2a8,0x00000000b5c00000)
 Metaspace       used 97565K, capacity 102456K, committed 102804K, reserved 1138688K
  class space    used 12793K, capacity 13883K, committed 14012K, reserved 1048576K
Event: 289.178 GC heap after
Heap after GC invocations=16 (full 4):
 PSYoungGen      total 463872K, used 6451K [0x00000000e0000000, 0x00000000fef80000, 0x0000000100000000)
  eden space 422400K, 0% used [0x00000000e0000000,0x00000000e0000000,0x00000000f9c80000)
  from space 41472K, 15% used [0x00000000fc700000,0x00000000fcd4cc18,0x00000000fef80000)
  to   space 42496K, 0% used [0x00000000f9c80000,0x00000000f9c80000,0x00000000fc600000)
 ParOldGen       total 356352K, used 89856K [0x00000000a0000000, 0x00000000b5c00000, 0x00000000e0000000)
  object space 356352K, 25% used [0x00000000a0000000,0x00000000a57c02a8,0x00000000b5c00000)
 Metaspace       used 97565K, capacity 102456K, committed 102804K, reserved 1138688K
  class space    used 12793K, capacity 13883K, committed 14012K, reserved 1048576K
}
Event: 297.678 GC heap before
{Heap before GC invocations=17 (full 4):
 PSYoungGen      total 463872K, used 428851K [0x00000000e0000000, 0x00000000fef80000, 0x0000000100000000)
  eden space 422400K, 100% used [0x00000000e0000000,0x00000000f9c80000,0x00000000f9c80000)
  from space 41472K, 15% used [0x00000000fc700000,0x00000000fcd4cc18,0x00000000fef80000)
  to   space 42496K, 0% used [0x00000000f9c80000,0x00000000f9c80000,0x00000000fc600000)
 ParOldGen       total 356352K, used 89856K [0x00000000a0000000, 0x00000000b5c00000, 0x00000000e0000000)
  object space 356352K, 25% used [0x00000000a0000000,0x00000000a57c02a8,0x00000000b5c00000)
 Metaspace       used 100100K, capacity 105438K, committed 105620K, reserved 1140736K
  class space    used 13035K, capacity 14203K, committed 14268K, reserved 1048576K
Event: 297.701 GC heap after
Heap after GC invocations=17 (full 4):
 PSYoungGen      total 464896K, used 29907K [0x00000000e0000000, 0x0000000100000000, 0x0000000100000000)
  eden space 422400K, 0% used [0x00000000e0000000,0x00000000e0000000,0x00000000f9c80000)
  from space 42496K, 70% used [0x00000000f9c80000,0x00000000fb9b4c60,0x00000000fc600000)
  to   space 44544K, 0% used [0x00000000fd480000,0x00000000fd480000,0x0000000100000000)
 ParOldGen       total 356352K, used 89864K [0x00000000a0000000, 0x00000000b5c00000, 0x00000000e0000000)
  object space 356352K, 25% used [0x00000000a0000000,0x00000000a57c22a8,0x00000000b5c00000)
 Metaspace       used 100100K, capacity 105438K, committed 105620K, reserved 1140736K
  class space    used 13035K, capacity 14203K, committed 14268K, reserved 1048576K
}
Event: 354.418 GC heap before
{Heap before GC invocations=18 (full 4):
 PSYoungGen      total 464896K, used 452307K [0x00000000e0000000, 0x0000000100000000, 0x0000000100000000)
  eden space 422400K, 100% used [0x00000000e0000000,0x00000000f9c80000,0x00000000f9c80000)
  from space 42496K, 70% used [0x00000000f9c80000,0x00000000fb9b4c60,0x00000000fc600000)
  to   space 44544K, 0% used [0x00000000fd480000,0x00000000fd480000,0x0000000100000000)
 ParOldGen       total 356352K, used 89864K [0x00000000a0000000, 0x00000000b5c00000, 0x00000000e0000000)
  object space 356352K, 25% used [0x00000000a0000000,0x00000000a57c22a8,0x00000000b5c00000)
 Metaspace       used 101504K, capacity 107452K, committed 107668K, reserved 1142784K
  class space    used 13160K, capacity 14451K, committed 14524K, reserved 1048576K
Event: 354.449 GC heap after
Heap after GC invocations=18 (full 4):
 PSYoungGen      total 475648K, used 32332K [0x00000000e0000000, 0x0000000100000000, 0x0000000100000000)
  eden space 431104K, 0% used [0x00000000e0000000,0x00000000e0000000,0x00000000fa500000)
  from space 44544K, 72% used [0x00000000fd480000,0x00000000ff413078,0x0000000100000000)
  to   space 46592K, 0% used [0x00000000fa500000,0x00000000fa500000,0x00000000fd280000)
 ParOldGen       total 356352K, used 89872K [0x00000000a0000000, 0x00000000b5c00000, 0x00000000e0000000)
  object space 356352K, 25% used [0x00000000a0000000,0x00000000a57c42a8,0x00000000b5c00000)
 Metaspace       used 101504K, capacity 107452K, committed 107668K, reserved 1142784K
  class space    used 13160K, capacity 14451K, committed 14524K, reserved 1048576K
}

Deoptimization events (10 events):
Event: 383.600 Thread 0x00000000200b8000 Uncommon trap: reason=unstable_if action=reinterpret pc=0x0000000004469b44 method=org.gradle.internal.operations.DefaultBuildOperationExecutor$3.stop()V @ 61
Event: 383.603 Thread 0x00000000200b8000 Uncommon trap: reason=unstable_if action=reinterpret pc=0x0000000004ce4230 method=org.gradle.internal.serialize.ExceptionReplacingObjectOutputStream.doReplaceObject(Ljava/lang/Object;)Ljava/lang/Object; @ 4
Event: 383.606 Thread 0x00000000200b8000 Uncommon trap: reason=class_check action=maybe_recompile pc=0x00000000027132a0 method=java.lang.String.equals(Ljava/lang/Object;)Z @ 8
Event: 383.606 Thread 0x00000000200b8000 Uncommon trap: reason=class_check action=maybe_recompile pc=0x00000000027132a0 method=java.lang.String.equals(Ljava/lang/Object;)Z @ 8
Event: 383.606 Thread 0x00000000200b8000 Uncommon trap: reason=class_check action=maybe_recompile pc=0x00000000027132a0 method=java.lang.String.equals(Ljava/lang/Object;)Z @ 8
Event: 383.606 Thread 0x00000000200b8000 Uncommon trap: reason=class_check action=maybe_recompile pc=0x00000000027132a0 method=java.lang.String.equals(Ljava/lang/Object;)Z @ 8
Event: 383.607 Thread 0x00000000200b8000 Uncommon trap: reason=class_check action=maybe_recompile pc=0x0000000004cc8bd0 method=java.lang.Integer.equals(Ljava/lang/Object;)Z @ 1
Event: 383.619 Thread 0x00000000200b8000 Uncommon trap: reason=bimorphic action=maybe_recompile pc=0x0000000003290d28 method=java.util.HashMap.removeNode(ILjava/lang/Object;Ljava/lang/Object;ZZ)Ljava/util/HashMap$Node; @ 143
Event: 391.505 Thread 0x00000000200b8000 Uncommon trap: reason=unstable_if action=reinterpret pc=0x000000000316e4dc method=org.codehaus.groovy.reflection.CachedMethod.compareToMethod(Ljava/lang/reflect/Method;)I @ 43
Event: 391.573 Thread 0x00000000200b8000 Uncommon trap: reason=null_check action=make_not_entrant pc=0x0000000005c48c54 method=org.gradle.internal.instantiation.generator.AbstractClassGenerator.isPropertyType(Ljava/lang/Class;)Z @ 21

Classes redefined (0 events):
No events

Internal exceptions (10 events):
Event: 391.531 Thread 0x00000000200b8000 Exception <a 'java/lang/ClassNotFoundException': com/android/build/gradle/internal/dsl/BuildType_DecoratedBeanInfo> (0x00000000f02342e0) thrown at [C:\src\AOSP-openjdk-git\hotspot\src\share\vm\classfile\systemDictionary.cpp, line 210]
Event: 391.531 Thread 0x00000000200b8000 Exception <a 'java/lang/ClassNotFoundException': com/android/build/gradle/internal/dsl/BuildTypeBeanInfo> (0x00000000f0254d98) thrown at [C:\src\AOSP-openjdk-git\hotspot\src\share\vm\classfile\systemDictionary.cpp, line 210]
Event: 391.532 Thread 0x00000000200b8000 Exception <a 'java/lang/ClassNotFoundException': com/android/builder/core/AbstractBuildTypeBeanInfo> (0x00000000f0273498) thrown at [C:\src\AOSP-openjdk-git\hotspot\src\share\vm\classfile\systemDictionary.cpp, line 210]
Event: 391.532 Thread 0x00000000200b8000 Exception <a 'java/lang/ClassNotFoundException': com/android/builder/core/AbstractBuildTypeCustomizer> (0x00000000f02931a0) thrown at [C:\src\AOSP-openjdk-git\hotspot\src\share\vm\classfile\systemDictionary.cpp, line 210]
Event: 391.533 Thread 0x00000000200b8000 Exception <a 'java/lang/ClassNotFoundException': com/android/build/gradle/internal/dsl/BuildTypeCustomizer> (0x00000000f02dd280) thrown at [C:\src\AOSP-openjdk-git\hotspot\src\share\vm\classfile\systemDictionary.cpp, line 210]
Event: 391.535 Thread 0x00000000200b8000 Exception <a 'java/lang/ClassNotFoundException': com/android/build/gradle/internal/dsl/BuildType_DecoratedCustomizer> (0x00000000f03af1e0) thrown at [C:\src\AOSP-openjdk-git\hotspot\src\share\vm\classfile\systemDictionary.cpp, line 210]
Event: 391.545 Thread 0x00000000200b8000 Exception <a 'java/lang/ClassNotFoundException': com/android/build/gradle/internal/dsl/DataBindingOptions_DecoratedBeanInfo> (0x00000000f0500fe0) thrown at [C:\src\AOSP-openjdk-git\hotspot\src\share\vm\classfile\systemDictionary.cpp, line 210]
Event: 391.545 Thread 0x00000000200b8000 Exception <a 'java/lang/ClassNotFoundException': com/android/build/gradle/internal/dsl/DataBindingOptionsBeanInfo> (0x00000000f0524200) thrown at [C:\src\AOSP-openjdk-git\hotspot\src\share\vm\classfile\systemDictionary.cpp, line 210]
Event: 391.545 Thread 0x00000000200b8000 Exception <a 'java/lang/ClassNotFoundException': com/android/build/gradle/internal/dsl/DataBindingOptionsCustomizer> (0x00000000f0547230) thrown at [C:\src\AOSP-openjdk-git\hotspot\src\share\vm\classfile\systemDictionary.cpp, line 210]
Event: 391.546 Thread 0x00000000200b8000 Exception <a 'java/lang/ClassNotFoundException': com/android/build/gradle/internal/dsl/DataBindingOptions_DecoratedCustomizer> (0x00000000f057a040) thrown at [C:\src\AOSP-openjdk-git\hotspot\src\share\vm\classfile\systemDictionary.cpp, line 210]

Events (10 events):
Event: 391.659 loading class com/android/build/gradle/internal/core/VariantDslInfo$DefaultImpls
Event: 391.659 loading class com/android/build/gradle/internal/core/VariantDslInfo$DefaultImpls done
Event: 391.660 loading class com/android/build/gradle/internal/variant/ComponentInfo
Event: 391.660 loading class com/android/build/gradle/internal/variant/ComponentInfo done
Event: 391.661 loading class com/google/wireless/android/sdk/stats/ApiVersionOrBuilder
Event: 391.661 loading class com/google/wireless/android/sdk/stats/ApiVersionOrBuilder done
Event: 391.662 loading class com/google/wireless/android/sdk/stats/GradleBuildVariant$1
Event: 391.662 loading class com/google/wireless/android/sdk/stats/GradleBuildVariant$1 done
Event: 391.662 loading class com/google/wireless/android/sdk/stats/GradleBuildVariant$Builder
Event: 391.662 loading class com/google/wireless/android/sdk/stats/GradleBuildVariant$Builder done


Dynamic libraries:
0x00007ff79eaf0000 - 0x00007ff79eb21000 	C:\Program Files\Android\Android Studio\jre\bin\java.exe
0x00007ffbbc630000 - 0x00007ffbbc826000 	C:\WINDOWS\SYSTEM32\ntdll.dll
0x00007ffbbb190000 - 0x00007ffbbb24d000 	C:\WINDOWS\System32\KERNEL32.DLL
0x00007ffbba0f0000 - 0x00007ffbba3b9000 	C:\WINDOWS\System32\KERNELBASE.dll
0x00007ffbbbe80000 - 0x00007ffbbbf2c000 	C:\WINDOWS\System32\ADVAPI32.dll
0x00007ffbbb040000 - 0x00007ffbbb0de000 	C:\WINDOWS\System32\msvcrt.dll
0x00007ffbbb0e0000 - 0x00007ffbbb17c000 	C:\WINDOWS\System32\sechost.dll
0x00007ffbbae90000 - 0x00007ffbbafbb000 	C:\WINDOWS\System32\RPCRT4.dll
0x00007ffbbb800000 - 0x00007ffbbb9a0000 	C:\WINDOWS\System32\USER32.dll
0x00007ffbb9d70000 - 0x00007ffbb9d92000 	C:\WINDOWS\System32\win32u.dll
0x00007ffbbc290000 - 0x00007ffbbc2ba000 	C:\WINDOWS\System32\GDI32.dll
0x00007ffbba580000 - 0x00007ffbba689000 	C:\WINDOWS\System32\gdi32full.dll
0x00007ffbb9f00000 - 0x00007ffbb9f9d000 	C:\WINDOWS\System32\msvcp_win.dll
0x00007ffbb9ff0000 - 0x00007ffbba0f0000 	C:\WINDOWS\System32\ucrtbase.dll
0x00007ffba1590000 - 0x00007ffba182b000 	C:\WINDOWS\WinSxS\amd64_microsoft.windows.common-controls_6595b64144ccf1df_6.0.19041.488_none_ca04af081b815d21\COMCTL32.dll
0x00007ffbbc320000 - 0x00007ffbbc350000 	C:\WINDOWS\System32\IMM32.DLL
0x0000000056ac0000 - 0x0000000056b92000 	C:\Program Files\Android\Android Studio\jre\jre\bin\msvcr100.dll
0x0000000056c80000 - 0x00000000574cb000 	C:\Program Files\Android\Android Studio\jre\jre\bin\server\jvm.dll
0x00007ffbbbb40000 - 0x00007ffbbbb48000 	C:\WINDOWS\System32\PSAPI.DLL
0x00007ffbab4b0000 - 0x00007ffbab4d7000 	C:\WINDOWS\SYSTEM32\WINMM.dll
0x00007ffbb41e0000 - 0x00007ffbb41ea000 	C:\WINDOWS\SYSTEM32\VERSION.dll
0x00007ffbb39d0000 - 0x00007ffbb39d9000 	C:\WINDOWS\SYSTEM32\WSOCK32.dll
0x00007ffbbbbb0000 - 0x00007ffbbbc1b000 	C:\WINDOWS\System32\ws2_32.DLL
0x00007ffbb1b50000 - 0x00007ffbb1b5f000 	C:\Program Files\Android\Android Studio\jre\jre\bin\verify.dll
0x00007ffbb1a40000 - 0x00007ffbb1a69000 	C:\Program Files\Android\Android Studio\jre\jre\bin\java.dll
0x00007ffbb1750000 - 0x00007ffbb1766000 	C:\Program Files\Android\Android Studio\jre\jre\bin\zip.dll
0x00007ffbba740000 - 0x00007ffbbae82000 	C:\WINDOWS\System32\SHELL32.dll
0x00007ffbb7ec0000 - 0x00007ffbb8655000 	C:\WINDOWS\SYSTEM32\windows.storage.dll
0x00007ffbbbf30000 - 0x00007ffbbc286000 	C:\WINDOWS\System32\combase.dll
0x00007ffbb97e0000 - 0x00007ffbb980c000 	C:\WINDOWS\SYSTEM32\Wldp.dll
0x00007ffbbc540000 - 0x00007ffbbc5ee000 	C:\WINDOWS\System32\SHCORE.dll
0x00007ffbbb9a0000 - 0x00007ffbbb9f5000 	C:\WINDOWS\System32\shlwapi.dll
0x00007ffbb9ca0000 - 0x00007ffbb9cc6000 	C:\WINDOWS\SYSTEM32\profapi.dll
0x00007ffba4320000 - 0x00007ffba433a000 	C:\Program Files\Android\Android Studio\jre\jre\bin\net.dll
0x00007ffbb9560000 - 0x00007ffbb95ca000 	C:\WINDOWS\system32\mswsock.dll
0x00007ffba4300000 - 0x00007ffba4313000 	C:\Program Files\Android\Android Studio\jre\jre\bin\nio.dll
0x00007ffba38f0000 - 0x00007ffba3917000 	C:\Users\Yusuf Maulana\.gradle\native\f6784746aeab05261644944871eae4fe03e0ef1612fff0a4a95f87b438bc6780\windows-amd64\native-platform.dll
0x00007ffbb1740000 - 0x00007ffbb174d000 	C:\Program Files\Android\Android Studio\jre\jre\bin\management.dll
0x00007ffbb9730000 - 0x00007ffbb9748000 	C:\WINDOWS\SYSTEM32\CRYPTSP.dll
0x00007ffbb8e80000 - 0x00007ffbb8eb4000 	C:\WINDOWS\system32\rsaenh.dll
0x00007ffbba4d0000 - 0x00007ffbba4f7000 	C:\WINDOWS\System32\bcrypt.dll
0x00007ffbb9c60000 - 0x00007ffbb9c8e000 	C:\WINDOWS\SYSTEM32\USERENV.dll
0x00007ffbba500000 - 0x00007ffbba580000 	C:\WINDOWS\System32\bcryptprimitives.dll
0x00007ffbb9750000 - 0x00007ffbb975c000 	C:\WINDOWS\SYSTEM32\CRYPTBASE.dll
0x00007ffbb9200000 - 0x00007ffbb923b000 	C:\WINDOWS\SYSTEM32\IPHLPAPI.DLL
0x00007ffbbb180000 - 0x00007ffbbb188000 	C:\WINDOWS\System32\NSI.dll
0x00007ffbb1240000 - 0x00007ffbb1257000 	C:\WINDOWS\SYSTEM32\dhcpcsvc6.DLL
0x00007ffbb1310000 - 0x00007ffbb132d000 	C:\WINDOWS\SYSTEM32\dhcpcsvc.DLL
0x00007ffbb9250000 - 0x00007ffbb931b000 	C:\WINDOWS\SYSTEM32\DNSAPI.dll
0x00007ffbb4f30000 - 0x00007ffbb4f3b000 	C:\WINDOWS\SYSTEM32\WINNSI.DLL
0x00007ffba3c80000 - 0x00007ffba3ca4000 	C:\Program Files\Android\Android Studio\jre\jre\bin\sunec.dll
0x00007ffbb1230000 - 0x00007ffbb123a000 	C:\Windows\System32\rasadhlp.dll
0x00007ffbac850000 - 0x00007ffbac8cf000 	C:\WINDOWS\System32\fwpuclnt.dll
0x00007ffba4c30000 - 0x00007ffba4c3b000 	C:\Program Files\Android\Android Studio\jre\jre\bin\sunmscapi.dll
0x00007ffbb9da0000 - 0x00007ffbb9efd000 	C:\WINDOWS\System32\CRYPT32.dll
0x00007ffbb8ab0000 - 0x00007ffbb8ae3000 	C:\WINDOWS\SYSTEM32\ntmarta.dll

VM Arguments:
jvm_args: -Xmx1536m -Dfile.encoding=windows-1252 -Duser.country=US -Duser.language=en -Duser.variant 
java_command: org.gradle.launcher.daemon.bootstrap.GradleDaemon 6.5
java_class_path (initial): C:\Users\Yusuf Maulana\.gradle\wrapper\dists\gradle-6.5-all\2oz4ud9k3tuxjg84bbf55q0tn\gradle-6.5\lib\gradle-launcher-6.5.jar
Launcher Type: SUN_STANDARD

Environment Variables:
JAVA_HOME=C:\Program Files\Java\jdk-14.0.1
PATH=C:\Program Files (x86)\Common Files\Oracle\Java\javapath;C:\WINDOWS\system32;C:\WINDOWS;C:\WINDOWS\System32\Wbem;C:\WINDOWS\System32\WindowsPowerShell\v1.0\;C:\WINDOWS\System32\OpenSSH\;C:\Program Files\Git\cmd;C:\Program Files\Java\jdk-14.0.1\bin;C:\Users\Yusuf Maulana\AppData\Local\Microsoft\WindowsApps;C:\Users\Yusuf Maulana\AppData\Local\Android\Sdk\platform-tools;C:\Program Files\Java\jdk-14.0.1;
USERNAME=Yusuf Maulana
OS=Windows_NT
PROCESSOR_IDENTIFIER=Intel64 Family 6 Model 142 Stepping 12, GenuineIntel



---------------  S Y S T E M  ---------------

OS: Windows 10.0 , 64 bit Build 19041 (10.0.19041.662)

CPU:total 8 (initial active 8) (4 cores per cpu, 2 threads per core) family 6 model 142 stepping 12, cmov, cx8, fxsr, mmx, sse, sse2, sse3, ssse3, sse4.1, sse4.2, popcnt, avx, avx2, aes, clmul, erms, 3dnowpref, lzcnt, ht, tsc, tscinvbit, bmi1, bmi2, adx

Memory: 4k page, physical 16328636k(578388k free), swap 66660284k(3076k free)

vm_info: OpenJDK 64-Bit Server VM (25.242-b01) for windows-amd64 JRE (1.8.0_242-release-1644-b01), built by "builder" with MS VC++ 10.0 (VS2010)

time: Wed Jan 06 13:12:41 2021
timezone: SE Asia Standard Time
elapsed time: 391 seconds (0d 0h 6m 31s)

